Arguments: 
  D:\xin\Software\nodejs\node.exe D:\xin\Software\yarn\bin\yarn.js add -D vuepress

PATH: 
  D:\xin\Software\cmder\vendor\git-for-windows\mingw64\bin;D:\xin\Software\cmder\vendor\git-for-windows\usr\bin;C:\Users\Administrator\bin;C:\Users\Administrator\Desktop\gulu-demo\node_modules\.bin;C:\WINDOWS\system32;C:\WINDOWS;C:\WINDOWS\System32\Wbem;C:\WINDOWS\System32\WindowsPowerShell\v1.0;D:\xin\Software\yarn\bin;D:\xin\Software\nodejs;E:\jest\bin;C:\Users\Administrator\AppData\Local\Programs\Python\Python38-32\Scripts;C:\Users\Administrator\AppData\Local\Programs\Python\Python38-32;C:\Users\Administrator\AppData\Local\Microsoft\WindowsApps;D:\xin\Software\Microsoft VS Code\bin;C:\Users\Administrator\AppData\Local\Yarn\bin;C:\Users\Administrator\AppData\Roaming\npm;D:\xin\Software\WebStorm 2019.3.3\bin

Yarn version: 
  1.22.4

Node version: 
  10.20.1

Platform: 
  win32 x64

Trace: 
  Error: EPERM: operation not permitted, unlink 'C:\Users\Administrator\Desktop\gulu-demo\node_modules\deasync\bin\win32-x64-node-10\deasync.node'

npm manifest: 
  {
    "name": "gulu-xin",
    "version": "0.0.3",
    "description": "这是一个UI框架",
    "main": "dist/index.js",
    "scripts": {
      "dev-test": "parcel watch test/* --no-cache & karma start",
      "test": "parcel build test/* --no-cache --no-minify && karma start --single-run",
      "docs:dev": "vuepress dev docs",
      "docs:build": "vuepress build docs"
    },
    "repository": {
      "type": "git",
      "url": "git+https://github.com/China1006/gulu-demo.git"
    },
    "keywords": [
      "vue",
      "ui"
    ],
    "author": "xin",
    "license": "MIT",
    "bugs": {
      "url": "https://github.com/China1006/gulu-demo/issues"
    },
    "homepage": "https://github.com/China1006/gulu-demo#readme",
    "dependencies": {
      "chai": "^4.2.0",
      "chai-spies": "^1.0.0",
      "vue": "^2.6.11",
      "vue-hot-reload-api": "^2.3.4"
    },
    "devDependencies": {
      "@vue/component-compiler-utils": "^3.2.0",
      "karma": "^5.1.1",
      "karma-chai": "^0.1.0",
      "karma-chai-spies": "^0.1.4",
      "karma-chrome-launcher": "^3.1.0",
      "karma-mocha": "^2.0.1",
      "karma-sinon-chai": "^2.0.2",
      "mocha": "^8.1.1",
      "parcel-bundler": "^1.12.4",
      "sass": "^1.26.10",
      "sinon": "^9.0.3",
      "sinon-chai": "^3.5.0",
      "typescript": "^3.9.7",
      "vue-template-compiler": "^2.6.11"
    },
    "alias": {
      "vue": "./node_modules/vue/dist/vue.common.js"
    }
  }

yarn manifest: 
  No manifest

Lockfile: 
  No lockfile
